<?xml version="1.0" encoding="UTF-8"?>
<!-- Generated by org.testng.reporters.JUnitReportReporter -->
<testsuite skipped="2" hostname="mags.local" name="AcsFunctionalTests.TestAjoutBinCFG" tests="3" failures="0" timestamp="02 Mar 2018 14:19:09 GMT" time="34.379" errors="0">
  <testcase name="AjouterAllBins" time="34.379" classname="AcsFunctionalTests.TestAjoutBinCFG"/>
  <testcase name="Retour" classname="AcsFunctionalTests.TestAjoutBinCFG">
    <skipped/>
  </testcase> <!-- Retour -->
  <testcase name="AjouterBin" classname="AcsFunctionalTests.TestAjoutBinCFG">
    <skipped/>
  </testcase> <!-- AjouterBin -->
</testsuite> <!-- AcsFunctionalTests.TestAjoutBinCFG -->
